Traceback (most recent call last):
  File "/usr/share/miniconda/lib/python3.9/site-packages/jupyter_cache/executors/utils.py", line 51, in single_nb_execution
    executenb(
  File "/usr/share/miniconda/lib/python3.9/site-packages/nbclient/client.py", line 1204, in execute
    return NotebookClient(nb=nb, resources=resources, km=km, **kwargs).execute()
  File "/usr/share/miniconda/lib/python3.9/site-packages/nbclient/util.py", line 84, in wrapped
    return just_run(coro(*args, **kwargs))
  File "/usr/share/miniconda/lib/python3.9/site-packages/nbclient/util.py", line 62, in just_run
    return loop.run_until_complete(coro)
  File "/usr/share/miniconda/lib/python3.9/asyncio/base_events.py", line 647, in run_until_complete
    return future.result()
  File "/usr/share/miniconda/lib/python3.9/site-packages/nbclient/client.py", line 663, in async_execute
    await self.async_execute_cell(
  File "/usr/share/miniconda/lib/python3.9/site-packages/nbclient/client.py", line 965, in async_execute_cell
    await self._check_raise_for_error(cell, cell_index, exec_reply)
  File "/usr/share/miniconda/lib/python3.9/site-packages/nbclient/client.py", line 862, in _check_raise_for_error
    raise CellExecutionError.from_cell_and_msg(cell, exec_reply_content)
nbclient.exceptions.CellExecutionError: An error occurred while executing the following cell:
------------------
import astropy.units as u
import glob
import numpy as np
import matplotlib.pyplot as plt
import os

from astropy.io import fits
from astropy.table import Table
from astropy.units import Quantity
from astropy.coordinates import SkyCoord
from astroquery.gaia import Gaia
from astroquery.mast import Observations
from astroquery.sdss import SDSS

from ccdproc import ImageFileCollection
from IPython.display import Image

from drizzlepac import tweakreg
from drizzlepac import astrodrizzle
------------------

[0;31m---------------------------------------------------------------------------[0m
[0;31mModuleNotFoundError[0m                       Traceback (most recent call last)
Cell [0;32mIn [1], line 15[0m
[1;32m     12[0m [38;5;28;01mfrom[39;00m [38;5;21;01mastroquery[39;00m[38;5;21;01m.[39;00m[38;5;21;01mmast[39;00m [38;5;28;01mimport[39;00m Observations
[1;32m     13[0m [38;5;28;01mfrom[39;00m [38;5;21;01mastroquery[39;00m[38;5;21;01m.[39;00m[38;5;21;01msdss[39;00m [38;5;28;01mimport[39;00m SDSS
[0;32m---> 15[0m [38;5;28;01mfrom[39;00m [38;5;21;01mccdproc[39;00m [38;5;28;01mimport[39;00m ImageFileCollection
[1;32m     16[0m [38;5;28;01mfrom[39;00m [38;5;21;01mIPython[39;00m[38;5;21;01m.[39;00m[38;5;21;01mdisplay[39;00m [38;5;28;01mimport[39;00m Image
[1;32m     18[0m [38;5;28;01mfrom[39;00m [38;5;21;01mdrizzlepac[39;00m [38;5;28;01mimport[39;00m tweakreg

[0;31mModuleNotFoundError[0m: No module named 'ccdproc'
ModuleNotFoundError: No module named 'ccdproc'

